<?xml version="1.0" encoding="UTF-8"?>
<testsuite name="by.bsuir.foodordering.FoodOrderingServiceApplicationTests" tests="1" skipped="0" failures="0" errors="0" timestamp="2025-02-17T06:19:59" hostname="HalvaPC" time="0.669">
  <properties/>
  <testcase name="contextLoads()" classname="by.bsuir.foodordering.FoodOrderingServiceApplicationTests" time="0.669"/>
  <system-out><![CDATA[09:19:58.109 [Test worker] INFO org.springframework.test.context.support.AnnotationConfigContextLoaderUtils -- Could not detect default configuration classes for test class [by.bsuir.foodordering.FoodOrderingServiceApplicationTests]: FoodOrderingServiceApplicationTests does not declare any static, non-private, non-final, nested classes annotated with @Configuration.
09:19:58.212 [Test worker] INFO org.springframework.boot.test.context.SpringBootTestContextBootstrapper -- Found @SpringBootConfiguration by.bsuir.foodordering.FoodOrderingServiceApplication for test class by.bsuir.foodordering.FoodOrderingServiceApplicationTests

  .   ____          _            __ _ _
 /\\ / ___'_ __ _ _(_)_ __  __ _ \ \ \ \
( ( )\___ | '_ | '_| | '_ \/ _` | \ \ \ \
 \\/  ___)| |_)| | | | | || (_| |  ) ) ) )
  '  |____| .__|_| |_|_| |_\__, | / / / /
 =========|_|==============|___/=/_/_/_/

 :: Spring Boot ::                (v3.4.2)

2025-02-17T09:19:58.569+03:00  INFO 85993 --- [Food ordering service] [    Test worker] .b.f.FoodOrderingServiceApplicationTests : Starting FoodOrderingServiceApplicationTests using Java 23.0.2 with PID 85993 (started by halva in /home/halva/IdeaProjects/Food-ordering-service)
2025-02-17T09:19:58.571+03:00  INFO 85993 --- [Food ordering service] [    Test worker] .b.f.FoodOrderingServiceApplicationTests : No active profile set, falling back to 1 default profile: "default"
2025-02-17T09:19:59.611+03:00  INFO 85993 --- [Food ordering service] [    Test worker] .b.f.FoodOrderingServiceApplicationTests : Started FoodOrderingServiceApplicationTests in 1.27 seconds (process running for 2.284)
]]></system-out>
  <system-err><![CDATA[Mockito is currently self-attaching to enable the inline-mock-maker. This will no longer work in future releases of the JDK. Please add Mockito as an agent to your build what is described in Mockito's documentation: https://javadoc.io/doc/org.mockito/mockito-core/latest/org/mockito/Mockito.html#0.3
WARNING: A Java agent has been loaded dynamically (/home/halva/.gradle/caches/modules-2/files-2.1/net.bytebuddy/byte-buddy-agent/1.15.11/a38b16385e867f59a641330f0362ebe742788ed8/byte-buddy-agent-1.15.11.jar)
WARNING: If a serviceability tool is in use, please run with -XX:+EnableDynamicAgentLoading to hide this warning
WARNING: If a serviceability tool is not in use, please run with -Djdk.instrument.traceUsage for more information
WARNING: Dynamic loading of agents will be disallowed by default in a future release
]]></system-err>
</testsuite>
